nohup: ignoring input
[INFO] Scanning for projects...
[INFO] 
[INFO] ---------------------------< com.group5:dss >---------------------------
[INFO] Building dss 0.0.1-SNAPSHOT
[INFO]   from pom.xml
[INFO] --------------------------------[ jar ]---------------------------------
[INFO] 
[INFO] >>> spring-boot:3.5.7:run (default-cli) > test-compile @ dss >>>
[INFO] 
[INFO] --- resources:3.3.1:resources (default-resources) @ dss ---
[INFO] Copying 1 resource from src/main/resources to target/classes
[INFO] Copying 21 resources from src/main/resources to target/classes
[INFO] 
[INFO] --- compiler:3.14.1:compile (default-compile) @ dss ---
[INFO] Nothing to compile - all classes are up to date.
[INFO] 
[INFO] --- resources:3.3.1:testResources (default-testResources) @ dss ---
[INFO] skip non existing resourceDirectory /home/ubuntu/DataScience/MyProject/dss-v2/src/test/resources
[INFO] 
[INFO] --- compiler:3.14.1:testCompile (default-testCompile) @ dss ---
[INFO] Nothing to compile - all classes are up to date.
[INFO] 
[INFO] <<< spring-boot:3.5.7:run (default-cli) < test-compile @ dss <<<
[INFO] 
[INFO] 
[INFO] --- spring-boot:3.5.7:run (default-cli) @ dss ---
[INFO] Attaching agents: []

  .   ____          _            __ _ _
 /\\ / ___'_ __ _ _(_)_ __  __ _ \ \ \ \
( ( )\___ | '_ | '_| | '_ \/ _` | \ \ \ \
 \\/  ___)| |_)| | | | | || (_| |  ) ) ) )
  '  |____| .__|_| |_|_| |_\__, | / / / /
 =========|_|==============|___/=/_/_/_/

 :: Spring Boot ::                (v3.5.7)

2025-11-08T10:40:51.377+07:00  INFO 496504 --- [dss] [           main] com.group5.dss.DssApplication            : Starting DssApplication using Java 17.0.16 with PID 496504 (/home/ubuntu/DataScience/MyProject/dss-v2/target/classes started by ubuntu in /home/ubuntu/DataScience/MyProject/dss-v2)
2025-11-08T10:40:51.378+07:00  INFO 496504 --- [dss] [           main] com.group5.dss.DssApplication            : No active profile set, falling back to 1 default profile: "default"
2025-11-08T10:40:51.891+07:00  INFO 496504 --- [dss] [           main] .s.d.r.c.RepositoryConfigurationDelegate : Bootstrapping Spring Data MongoDB repositories in DEFAULT mode.
2025-11-08T10:40:51.923+07:00  INFO 496504 --- [dss] [           main] .s.d.r.c.RepositoryConfigurationDelegate : Finished Spring Data repository scanning in 28 ms. Found 3 MongoDB repository interfaces.
2025-11-08T10:40:52.206+07:00  INFO 496504 --- [dss] [           main] o.s.b.w.embedded.tomcat.TomcatWebServer  : Tomcat initialized with port 8080 (http)
2025-11-08T10:40:52.214+07:00  INFO 496504 --- [dss] [           main] o.apache.catalina.core.StandardService   : Starting service [Tomcat]
2025-11-08T10:40:52.214+07:00  INFO 496504 --- [dss] [           main] o.apache.catalina.core.StandardEngine    : Starting Servlet engine: [Apache Tomcat/10.1.48]
2025-11-08T10:40:52.238+07:00  INFO 496504 --- [dss] [           main] o.a.c.c.C.[Tomcat].[localhost].[/]       : Initializing Spring embedded WebApplicationContext
2025-11-08T10:40:52.239+07:00  INFO 496504 --- [dss] [           main] w.s.c.ServletWebServerApplicationContext : Root WebApplicationContext: initialization completed in 832 ms
2025-11-08T10:40:52.481+07:00  INFO 496504 --- [dss] [           main] org.mongodb.driver.client                : MongoClient with metadata {"driver": {"name": "mongo-java-driver|sync|spring-boot", "version": "5.5.2"}, "os": {"type": "Linux", "name": "Linux", "architecture": "amd64", "version": "6.8.0-87-generic"}, "platform": "Java/Ubuntu/17.0.16+8-Ubuntu-0ubuntu122.04.1"} created with settings MongoClientSettings{readPreference=primary, writeConcern=WriteConcern{w=null, wTimeout=null ms, journal=null}, retryWrites=true, retryReads=true, readConcern=ReadConcern{level=null}, credential=MongoCredential{mechanism=null, userName='vuthanhlam848', source='admin', password=<hidden>, mechanismProperties=<hidden>}, transportSettings=null, commandListeners=[io.micrometer.core.instrument.binder.mongodb.MongoMetricsCommandListener@5939e24], codecRegistry=ProvidersCodecRegistry{codecProviders=[ValueCodecProvider{}, BsonValueCodecProvider{}, DBRefCodecProvider{}, DBObjectCodecProvider{}, DocumentCodecProvider{}, CollectionCodecProvider{}, IterableCodecProvider{}, MapCodecProvider{}, GeoJsonCodecProvider{}, GridFSFileCodecProvider{}, Jsr310CodecProvider{}, JsonObjectCodecProvider{}, BsonCodecProvider{}, EnumCodecProvider{}, com.mongodb.client.model.mql.ExpressionCodecProvider@595f9916, com.mongodb.Jep395RecordCodecProvider@2055833f, com.mongodb.KotlinCodecProvider@28768e25]}, loggerSettings=LoggerSettings{maxDocumentLength=1000}, clusterSettings={hosts=[127.0.0.1:27017], srvHost=cluster0.s9cdtme.mongodb.net, srvServiceName=mongodb, mode=MULTIPLE, requiredClusterType=REPLICA_SET, requiredReplicaSetName='atlas-92ixkg-shard-0', serverSelector='null', clusterListeners='[]', serverSelectionTimeout='30000 ms', localThreshold='15 ms'}, socketSettings=SocketSettings{connectTimeoutMS=10000, readTimeoutMS=0, receiveBufferSize=0, proxySettings=ProxySettings{host=null, port=null, username=null, password=null}}, heartbeatSocketSettings=SocketSettings{connectTimeoutMS=10000, readTimeoutMS=10000, receiveBufferSize=0, proxySettings=ProxySettings{host=null, port=null, username=null, password=null}}, connectionPoolSettings=ConnectionPoolSettings{maxSize=100, minSize=0, maxWaitTimeMS=120000, maxConnectionLifeTimeMS=0, maxConnectionIdleTimeMS=0, maintenanceInitialDelayMS=0, maintenanceFrequencyMS=60000, connectionPoolListeners=[io.micrometer.core.instrument.binder.mongodb.MongoMetricsConnectionPoolListener@310d57b1], maxConnecting=2}, serverSettings=ServerSettings{heartbeatFrequencyMS=10000, minHeartbeatFrequencyMS=500, serverMonitoringMode=AUTO, serverListeners='[]', serverMonitorListeners='[]'}, sslSettings=SslSettings{enabled=true, invalidHostNameAllowed=false, context=null}, applicationName='null', compressorList=[], uuidRepresentation=JAVA_LEGACY, serverApi=null, autoEncryptionSettings=null, dnsClient=null, inetAddressResolver=null, contextProvider=null, timeoutMS=null}
2025-11-08T10:40:52.512+07:00  INFO 496504 --- [dss] [tme.mongodb.net] org.mongodb.driver.cluster               : Adding discovered server ac-twb67qq-shard-00-02.s9cdtme.mongodb.net:27017 to client view of cluster
2025-11-08T10:40:52.533+07:00  INFO 496504 --- [dss] [tme.mongodb.net] org.mongodb.driver.cluster               : Adding discovered server ac-twb67qq-shard-00-01.s9cdtme.mongodb.net:27017 to client view of cluster
2025-11-08T10:40:52.535+07:00  INFO 496504 --- [dss] [tme.mongodb.net] org.mongodb.driver.cluster               : Adding discovered server ac-twb67qq-shard-00-00.s9cdtme.mongodb.net:27017 to client view of cluster
2025-11-08T10:40:52.829+07:00  INFO 496504 --- [dss] [ngodb.net:27017] org.mongodb.driver.cluster               : Monitor thread successfully connected to server with description ServerDescription{address=ac-twb67qq-shard-00-02.s9cdtme.mongodb.net:27017, type=REPLICA_SET_PRIMARY, cryptd=false, state=CONNECTED, ok=true, minWireVersion=0, maxWireVersion=25, maxDocumentSize=16777216, logicalSessionTimeoutMinutes=30, roundTripTimeNanos=146758868, minRoundTripTimeNanos=0, setName='atlas-92ixkg-shard-0', canonicalAddress=ac-twb67qq-shard-00-02.s9cdtme.mongodb.net:27017, hosts=[ac-twb67qq-shard-00-00.s9cdtme.mongodb.net:27017, ac-twb67qq-shard-00-01.s9cdtme.mongodb.net:27017, ac-twb67qq-shard-00-02.s9cdtme.mongodb.net:27017], passives=[], arbiters=[], primary='ac-twb67qq-shard-00-02.s9cdtme.mongodb.net:27017', tagSet=TagSet{[Tag{name='availabilityZone', value='ape1-az3'}, Tag{name='diskState', value='READY'}, Tag{name='nodeType', value='ELECTABLE'}, Tag{name='provider', value='AWS'}, Tag{name='region', value='AP_EAST_1'}, Tag{name='workloadType', value='OPERATIONAL'}]}, electionId=7fffffff0000000000000049, setVersion=14, topologyVersion=TopologyVersion{processId=690a1ae4d6d0d36cc8e14615, counter=6}, lastWriteDate=Sat Nov 08 10:40:48 ICT 2025, lastUpdateTimeNanos=44577620952630}
2025-11-08T10:40:52.829+07:00  INFO 496504 --- [dss] [ngodb.net:27017] org.mongodb.driver.cluster               : Monitor thread successfully connected to server with description ServerDescription{address=ac-twb67qq-shard-00-01.s9cdtme.mongodb.net:27017, type=REPLICA_SET_SECONDARY, cryptd=false, state=CONNECTED, ok=true, minWireVersion=0, maxWireVersion=25, maxDocumentSize=16777216, logicalSessionTimeoutMinutes=30, roundTripTimeNanos=143895964, minRoundTripTimeNanos=0, setName='atlas-92ixkg-shard-0', canonicalAddress=ac-twb67qq-shard-00-01.s9cdtme.mongodb.net:27017, hosts=[ac-twb67qq-shard-00-00.s9cdtme.mongodb.net:27017, ac-twb67qq-shard-00-01.s9cdtme.mongodb.net:27017, ac-twb67qq-shard-00-02.s9cdtme.mongodb.net:27017], passives=[], arbiters=[], primary='ac-twb67qq-shard-00-02.s9cdtme.mongodb.net:27017', tagSet=TagSet{[Tag{name='availabilityZone', value='ape1-az2'}, Tag{name='diskState', value='READY'}, Tag{name='nodeType', value='ELECTABLE'}, Tag{name='provider', value='AWS'}, Tag{name='region', value='AP_EAST_1'}, Tag{name='workloadType', value='OPERATIONAL'}]}, electionId=null, setVersion=14, topologyVersion=TopologyVersion{processId=690a1d684f69c54bbd1b5802, counter=3}, lastWriteDate=Sat Nov 08 10:40:48 ICT 2025, lastUpdateTimeNanos=44577620974874}
2025-11-08T10:40:52.829+07:00  INFO 496504 --- [dss] [ngodb.net:27017] org.mongodb.driver.cluster               : Monitor thread successfully connected to server with description ServerDescription{address=ac-twb67qq-shard-00-00.s9cdtme.mongodb.net:27017, type=REPLICA_SET_SECONDARY, cryptd=false, state=CONNECTED, ok=true, minWireVersion=0, maxWireVersion=25, maxDocumentSize=16777216, logicalSessionTimeoutMinutes=30, roundTripTimeNanos=143939627, minRoundTripTimeNanos=0, setName='atlas-92ixkg-shard-0', canonicalAddress=ac-twb67qq-shard-00-00.s9cdtme.mongodb.net:27017, hosts=[ac-twb67qq-shard-00-00.s9cdtme.mongodb.net:27017, ac-twb67qq-shard-00-01.s9cdtme.mongodb.net:27017, ac-twb67qq-shard-00-02.s9cdtme.mongodb.net:27017], passives=[], arbiters=[], primary='ac-twb67qq-shard-00-02.s9cdtme.mongodb.net:27017', tagSet=TagSet{[Tag{name='availabilityZone', value='ape1-az1'}, Tag{name='diskState', value='READY'}, Tag{name='nodeType', value='ELECTABLE'}, Tag{name='provider', value='AWS'}, Tag{name='region', value='AP_EAST_1'}, Tag{name='workloadType', value='OPERATIONAL'}]}, electionId=null, setVersion=14, topologyVersion=TopologyVersion{processId=690a1804034022a323c303b3, counter=4}, lastWriteDate=Sat Nov 08 10:40:48 ICT 2025, lastUpdateTimeNanos=44577620974945}
2025-11-08T10:40:52.831+07:00  INFO 496504 --- [dss] [ngodb.net:27017] org.mongodb.driver.cluster               : Discovered replica set primary ac-twb67qq-shard-00-02.s9cdtme.mongodb.net:27017 with max election id 7fffffff0000000000000049 and max set version 14
2025-11-08T10:40:52.973+07:00  INFO 496504 --- [dss] [           main] o.s.b.a.e.web.EndpointLinksResolver      : Exposing 1 endpoint beneath base path '/actuator'
2025-11-08T10:40:52.998+07:00  WARN 496504 --- [dss] [           main] r$InitializeUserDetailsManagerConfigurer : Global AuthenticationManager configured with an AuthenticationProvider bean. UserDetailsService beans will not be used by Spring Security for automatically configuring username/password login. Consider removing the AuthenticationProvider bean. Alternatively, consider using the UserDetailsService in a manually instantiated DaoAuthenticationProvider. If the current configuration is intentional, to turn off this warning, increase the logging level of 'org.springframework.security.config.annotation.authentication.configuration.InitializeUserDetailsBeanManagerConfigurer' to ERROR
2025-11-08T10:40:53.307+07:00  INFO 496504 --- [dss] [           main] o.s.b.w.embedded.tomcat.TomcatWebServer  : Tomcat started on port 8080 (http) with context path '/'
2025-11-08T10:40:53.316+07:00  INFO 496504 --- [dss] [           main] com.group5.dss.DssApplication            : Started DssApplication in 2.167 seconds (process running for 2.326)
✅ Default users initialized successfully!
2025-11-08T10:41:25.994+07:00  INFO 496504 --- [dss] [nio-8080-exec-1] o.a.c.c.C.[Tomcat].[localhost].[/]       : Initializing Spring DispatcherServlet 'dispatcherServlet'
2025-11-08T10:41:25.994+07:00  INFO 496504 --- [dss] [nio-8080-exec-1] o.s.web.servlet.DispatcherServlet        : Initializing Servlet 'dispatcherServlet'
2025-11-08T10:41:25.995+07:00  INFO 496504 --- [dss] [nio-8080-exec-1] o.s.web.servlet.DispatcherServlet        : Completed initialization in 0 ms
📋 Loading invoices from FULL LOCAL CSV (including cancelled orders)...
📂 Loading data from local CSV: online_retail.csv
📁 Found data file at: /home/ubuntu/DataScience/MyProject/dss-v2/data/online_retail.csv
✅ Loaded 541909 transactions from online_retail.csv
✅ Loaded page 1 with 25 invoices (Total: 541909)
📋 Loading invoices from FULL LOCAL CSV (including cancelled orders)...
✅ Using cached data (541909 rows)
✅ Loaded page 1 with 25 invoices (Total: 541909)
📋 Loading invoices from FULL LOCAL CSV (including cancelled orders)...
✅ Using cached data (541909 rows)
✅ Loaded page 1 with 25 invoices (Total: 541909)
📋 Loading invoices from FULL LOCAL CSV (including cancelled orders)...
✅ Using cached data (541909 rows)
✅ Loaded page 1 with 25 invoices (Total: 541909)
